<?xml version="1.0" encoding="UTF-8"?>
<!-- Generated by org.testng.reporters.JUnitReportReporter -->
<testsuite hostname="DESKTOP-NLEQF8O" failures="0" tests="2" name="testNG.Demo" time="0.006" errors="0" timestamp="2023-11-28T12:52:39 IST" skipped="0">
  <testcase classname="testNG.Demo" name="method2" time="0.003">
    <system-out>
      <![CDATA[method2 from sumo class!!!]]>
    </system-out>
  </testcase> <!-- method2 -->
  <testcase classname="testNG.Demo" name="method1" time="0.003">
    <system-out>
      <![CDATA[method1 from remo class!!!]]>
    </system-out>
  </testcase> <!-- method1 -->
  <system-out>
    <![CDATA[method1 from sumo class
method2 from sumo class
method1 from remo class!!!
method2 from remo class!!!
method1 from remo class!!!
method2 from sumo class!!!]]>
  </system-out>
</testsuite> <!-- testNG.Demo -->
