<?xml version="1.0" encoding="UTF-8"?>
<!-- Generated by org.testng.reporters.JUnitReportReporter -->
<testsuite hostname="DESKTOP-NLEQF8O" failures="0" tests="2" name="testNG.Sumo" time="0.018" errors="0" timestamp="2023-11-28T12:52:39 IST" skipped="0">
  <testcase classname="testNG.Sumo" name="metho1" time="0.016">
    <system-out>
      <![CDATA[method1 from sumo class]]>
    </system-out>
  </testcase> <!-- metho1 -->
  <testcase classname="testNG.Sumo" name="method2" time="0.002">
    <system-out>
      <![CDATA[method2 from sumo class]]>
    </system-out>
  </testcase> <!-- method2 -->
  <system-out>
    <![CDATA[method1 from sumo class
method2 from sumo class
method1 from remo class!!!
method2 from remo class!!!
method1 from remo class!!!
method2 from sumo class!!!]]>
  </system-out>
</testsuite> <!-- testNG.Sumo -->
