<?xml version="1.0" encoding="UTF-8"?>
<!-- Generated by org.testng.reporters.JUnitReportReporter -->
<testsuite hostname="DESKTOP-NLEQF8O" failures="0" tests="2" name="TestNGExecutionPackage.JavaTest" time="73.662" errors="0" timestamp="2023-11-30T12:19:21 IST" skipped="0">
  <testcase classname="TestNGExecutionPackage.JavaTest" name="java_method" time="54.472"/>
  <testcase classname="TestNGExecutionPackage.JavaTest" name="java_method" time="19.190"/>
</testsuite> <!-- TestNGExecutionPackage.JavaTest -->
