<?xml version="1.0" encoding="UTF-8"?>
<!-- Generated by org.testng.reporters.JUnitReportReporter -->
<testsuite hostname="DESKTOP-NLEQF8O" failures="0" tests="2" name="TestNGExecutionPackage.SeleniumTest" time="42.914" errors="0" timestamp="2023-11-30T12:19:21 IST" skipped="0">
  <testcase classname="TestNGExecutionPackage.SeleniumTest" name="f" time="27.256"/>
  <testcase classname="TestNGExecutionPackage.SeleniumTest" name="f" time="15.658"/>
</testsuite> <!-- TestNGExecutionPackage.SeleniumTest -->
