<?xml version="1.0" encoding="UTF-8"?>
<!-- Generated by org.testng.reporters.JUnitReportReporter -->
<testsuite hostname="DESKTOP-NLEQF8O" failures="0" tests="6" name="testNGAnnotations_Flags.Flag4" time="0.016" errors="0" timestamp="2023-12-04T11:23:55 IST" skipped="0">
  <testcase classname="testNGAnnotations_Flags.Flag4" name="s" time="0.001">
    <system-out>
      <![CDATA[s]]>
    </system-out>
  </testcase> <!-- s -->
  <testcase classname="testNGAnnotations_Flags.Flag4" name="k" time="0.009">
    <system-out>
      <![CDATA[k]]>
    </system-out>
  </testcase> <!-- k -->
  <testcase classname="testNGAnnotations_Flags.Flag4" name="a" time="0.002">
    <system-out>
      <![CDATA[a]]>
    </system-out>
  </testcase> <!-- a -->
  <testcase classname="testNGAnnotations_Flags.Flag4" name="f" time="0.001">
    <system-out>
      <![CDATA[f]]>
    </system-out>
  </testcase> <!-- f -->
  <testcase classname="testNGAnnotations_Flags.Flag4" name="P" time="0.001">
    <system-out>
      <![CDATA[p]]>
    </system-out>
  </testcase> <!-- P -->
  <testcase classname="testNGAnnotations_Flags.Flag4" name="h" time="0.002">
    <system-out>
      <![CDATA[h]]>
    </system-out>
  </testcase> <!-- h -->
  <system-out>
    <![CDATA[k
s
a
p
f
h]]>
  </system-out>
</testsuite> <!-- testNGAnnotations_Flags.Flag4 -->
