<?xml version="1.0" encoding="UTF-8"?>
<!-- Generated by org.testng.reporters.JUnitReportReporter -->
<testsuite hostname="DESKTOP-NLEQF8O" failures="0" tests="2" name="TestNGExecutionPackage.Test1" time="0.026" errors="0" timestamp="2023-11-30T12:13:25 IST" skipped="0">
  <testcase classname="TestNGExecutionPackage.Test1" name="method1" time="0.013">
    <system-out>
      <![CDATA[method1 from Test1 class]]>
    </system-out>
  </testcase> <!-- method1 -->
  <testcase classname="TestNGExecutionPackage.Test1" name="method2" time="0.013">
    <system-out>
      <![CDATA[method2 from Test1 class]]>
    </system-out>
  </testcase> <!-- method2 -->
  <system-out>
    <![CDATA[method1 from Test1 class
method1 from Test2 class!!
method2 from Test2 class!!:5
method2 from Test1 class
method1 from test3 class!!!
method2 from test3 class!!!]]>
  </system-out>
</testsuite> <!-- TestNGExecutionPackage.Test1 -->
