<?xml version="1.0" encoding="UTF-8"?>
<!-- Generated by org.testng.reporters.JUnitReportReporter -->
<testsuite hostname="DESKTOP-NLEQF8O" failures="0" tests="1" name="TestNGExecutionPackage.SqlTest" time="69.858" errors="0" timestamp="2023-11-30T11:57:09 IST" skipped="0">
  <testcase classname="TestNGExecutionPackage.SqlTest" name="f" time="69.858"/>
</testsuite> <!-- TestNGExecutionPackage.SqlTest -->
