<?xml version="1.0" encoding="UTF-8"?>
<!-- Generated by org.testng.reporters.JUnitReportReporter -->
<testsuite hostname="DESKTOP-NLEQF8O" failures="0" tests="3" name="testNGAnnotations_Flags.Flag2" time="0.012" errors="0" timestamp="2023-12-04T11:36:22 IST" skipped="0">
  <testcase classname="testNGAnnotations_Flags.Flag2" name="method1" time="0.010">
    <system-out>
      <![CDATA[method1 for Login Page]]>
    </system-out>
  </testcase> <!-- method1 -->
  <testcase classname="testNGAnnotations_Flags.Flag2" name="method3" time="0.001">
    <system-out>
      <![CDATA[method3 for Logout page]]>
    </system-out>
  </testcase> <!-- method3 -->
  <testcase classname="testNGAnnotations_Flags.Flag2" name="method2" time="0.001">
    <system-out>
      <![CDATA[method2 for User Page]]>
    </system-out>
  </testcase> <!-- method2 -->
  <system-out>
    <![CDATA[method1 for Login Page
method2 for User Page
method3 for Logout page]]>
  </system-out>
</testsuite> <!-- testNGAnnotations_Flags.Flag2 -->
