<?xml version="1.0" encoding="UTF-8"?>
<!-- Generated by org.testng.reporters.JUnitReportReporter -->
<testsuite hostname="DESKTOP-NLEQF8O" failures="0" tests="3" name="testNGAnnotations_Flags.Flag5" time="0.012" errors="0" timestamp="2023-12-04T11:37:15 IST" skipped="0">
  <testcase classname="testNGAnnotations_Flags.Flag5" name="createUser" time="0.001">
    <system-out>
      <![CDATA[method2 for user page]]>
    </system-out>
  </testcase> <!-- createUser -->
  <testcase classname="testNGAnnotations_Flags.Flag5" name="logout" time="0.001">
    <system-out>
      <![CDATA[method3 for logout page]]>
    </system-out>
  </testcase> <!-- logout -->
  <testcase classname="testNGAnnotations_Flags.Flag5" name="loginMethod" time="0.010">
    <system-out>
      <![CDATA[method1 for login page]]>
    </system-out>
  </testcase> <!-- loginMethod -->
  <system-out>
    <![CDATA[method1 for login page
method2 for user page
method3 for logout page]]>
  </system-out>
</testsuite> <!-- testNGAnnotations_Flags.Flag5 -->
