<?xml version="1.0" encoding="UTF-8"?>
<!-- Generated by org.testng.reporters.JUnitReportReporter -->
<testsuite hostname="DESKTOP-NLEQF8O" failures="0" tests="1" name="testNGAnnotations_Flags.Flag1" time="0.008" errors="0" timestamp="2023-12-04T11:34:26 IST" skipped="0">
  <testcase classname="testNGAnnotations_Flags.Flag1" name="method1" time="0.008">
    <system-out>
      <![CDATA[method1 from flag1]]>
    </system-out>
  </testcase> <!-- method1 -->
  <system-out>
    <![CDATA[method1 from flag1]]>
  </system-out>
</testsuite> <!-- testNGAnnotations_Flags.Flag1 -->
